2022-01-13 22:03:19,974 [INFO] Activator:170 - 


2022-01-13 22:03:19,976 [INFO] Activator:171 - !SESSION log4j initialized
2022-01-13 22:17:05,055 [INFO] McuFinderGlobals:39 - Set McuFinder mode to 2 (CubeIDE integrated)
2022-01-13 22:17:05,554 [INFO] ApplicationProperties:181 - Using Application install path: C:\ST\STM32CubeIDE_1.6.0\STM32CubeIDE\plugins\com.st.stm32cube.common.mx_6.2.0.202102191602
2022-01-13 22:17:05,571 [INFO] DbMcusXml:74 - Set database path to: C:\ST\STM32CubeIDE_1.6.0\STM32CubeIDE\plugins\com.st.stm32cube.common.mx_6.2.0.202102191602\\db\/mcu/
2022-01-13 22:17:05,577 [INFO] DbBoardsPdsc:56 - Set plugin database path to: C:\ST\STM32CubeIDE_1.6.0\STM32CubeIDE\plugins\com.st.stm32cube.common.mx_6.2.0.202102191602\\db\/plugins/boardmanager/
2022-01-13 22:17:07,640 [INFO] DbMcus:258 - Set plugin images path to: C:\ST\STM32CubeIDE_1.6.0\STM32CubeIDE\plugins\com.st.stm32cube.common.mx_6.2.0.202102191602\\db\/plugins/mcufinder/images/
2022-01-13 22:17:07,641 [INFO] DbBoards:264 - Set plugin images path to: C:\ST\STM32CubeIDE_1.6.0\STM32CubeIDE\plugins\com.st.stm32cube.common.mx_6.2.0.202102191602\\db\/plugins/mcufinder/images/
2022-01-13 22:17:07,665 [INFO] DbExamples:333 - Set plugin images path to: C:\ST\STM32CubeIDE_1.6.0\STM32CubeIDE\plugins\com.st.stm32cube.common.mx_6.2.0.202102191602\\db\/plugins/mcufinder/images/
2022-01-13 22:17:07,681 [INFO] DbMcusAds:85 - Set database path to: C:\Users\ibrah\.stmcufinder\plugins\mcufinder//mcu/
2022-01-13 22:17:07,682 [INFO] DbMcusDocs:110 - Set database path to: C:\Users\ibrah\.stmcufinder\plugins\mcufinder//mcu/
2022-01-13 22:17:07,686 [INFO] DbMcusJson:65 - Set database path to: C:\Users\ibrah\.stmcufinder\plugins\mcufinder//mcu/
2022-01-13 22:17:07,687 [INFO] DbBoardsDocs:110 - Set database path to: C:\Users\ibrah\.stmcufinder\plugins\mcufinder//mcu/
2022-01-13 22:17:07,689 [INFO] DbBoardsJson:58 - Set database path to: C:\Users\ibrah\.stmcufinder\plugins\mcufinder//mcu/
2022-01-13 22:17:07,886 [INFO] CrossReferenceDbSqlite:196 - Set database path to: C:\Users\ibrah\.stmcufinder\plugins\mcufinder//mcu/cs/
2022-01-13 22:17:07,897 [INFO] DbExamplesSqlite:690 - Set database path to: C:\Users\ibrah\.stmcufinder\plugins\mcufinder//mcu/
2022-01-13 22:17:08,049 [INFO] RulesReader:52 - Compatibility file has been processed (237 Rules)
2022-01-13 22:17:08,156 [INFO] MicroXplorer:622 - Detected Java Version = 11.0.9.1
2022-01-13 22:17:08,157 [INFO] DbMcusXml:74 - Set database path to: C:\ST\STM32CubeIDE_1.6.0\STM32CubeIDE\plugins\com.st.stm32cube.common.mx_6.2.0.202102191602\\db\/mcu/
2022-01-13 22:17:08,157 [INFO] DbBoardsPdsc:56 - Set plugin database path to: C:\ST\STM32CubeIDE_1.6.0\STM32CubeIDE\plugins\com.st.stm32cube.common.mx_6.2.0.202102191602\\db\/plugins/boardmanager/
2022-01-13 22:17:08,158 [INFO] DbMcus:258 - Set plugin images path to: C:\ST\STM32CubeIDE_1.6.0\STM32CubeIDE\plugins\com.st.stm32cube.common.mx_6.2.0.202102191602\\db\/plugins/mcufinder/images/
2022-01-13 22:17:08,158 [INFO] DbBoards:264 - Set plugin images path to: C:\ST\STM32CubeIDE_1.6.0\STM32CubeIDE\plugins\com.st.stm32cube.common.mx_6.2.0.202102191602\\db\/plugins/mcufinder/images/
2022-01-13 22:17:08,158 [INFO] DbExamples:333 - Set plugin images path to: C:\ST\STM32CubeIDE_1.6.0\STM32CubeIDE\plugins\com.st.stm32cube.common.mx_6.2.0.202102191602\\db\/plugins/mcufinder/images/
2022-01-13 22:17:08,158 [WARN] DbFile:35 - Overriding database path with different value: C:\Users\ibrah\.stmcufinder\plugins\mcufinder/ => C:\Users\ibrah\.stmcufinder\plugins\mcufinder
2022-01-13 22:17:08,158 [INFO] DbMcusAds:85 - Set database path to: C:\Users\ibrah\.stmcufinder\plugins\mcufinder//mcu/
2022-01-13 22:17:08,158 [WARN] DbFile:35 - Overriding database path with different value: C:\Users\ibrah\.stmcufinder\plugins\mcufinder/ => C:\Users\ibrah\.stmcufinder\plugins\mcufinder
2022-01-13 22:17:08,159 [INFO] DbMcusDocs:110 - Set database path to: C:\Users\ibrah\.stmcufinder\plugins\mcufinder//mcu/
2022-01-13 22:17:08,159 [WARN] DbFile:35 - Overriding database path with different value: C:\Users\ibrah\.stmcufinder\plugins\mcufinder/ => C:\Users\ibrah\.stmcufinder\plugins\mcufinder
2022-01-13 22:17:08,159 [INFO] DbMcusJson:65 - Set database path to: C:\Users\ibrah\.stmcufinder\plugins\mcufinder//mcu/
2022-01-13 22:17:08,159 [WARN] DbFile:35 - Overriding database path with different value: C:\Users\ibrah\.stmcufinder\plugins\mcufinder/ => C:\Users\ibrah\.stmcufinder\plugins\mcufinder
2022-01-13 22:17:08,159 [INFO] DbBoardsDocs:110 - Set database path to: C:\Users\ibrah\.stmcufinder\plugins\mcufinder//mcu/
2022-01-13 22:17:08,159 [WARN] DbFile:35 - Overriding database path with different value: C:\Users\ibrah\.stmcufinder\plugins\mcufinder/ => C:\Users\ibrah\.stmcufinder\plugins\mcufinder
2022-01-13 22:17:08,159 [INFO] DbBoardsJson:58 - Set database path to: C:\Users\ibrah\.stmcufinder\plugins\mcufinder//mcu/
2022-01-13 22:17:08,160 [WARN] DbFile:35 - Overriding database path with different value: C:\Users\ibrah\.stmcufinder\plugins\mcufinder/ => C:\Users\ibrah\.stmcufinder\plugins\mcufinder
2022-01-13 22:17:08,160 [WARN] DbFile:35 - Overriding database path with different value: C:\Users\ibrah\.stmcufinder\plugins\mcufinder/ => C:\Users\ibrah\.stmcufinder\plugins\mcufinder
2022-01-13 22:17:08,160 [INFO] CrossReferenceDbSqlite:196 - Set database path to: C:\Users\ibrah\.stmcufinder\plugins\mcufinder//mcu/cs/
2022-01-13 22:17:08,160 [WARN] DbFile:35 - Overriding database path with different value: C:\Users\ibrah\.stmcufinder\plugins\mcufinder/ => C:\Users\ibrah\.stmcufinder\plugins\mcufinder
2022-01-13 22:17:08,160 [INFO] DbExamplesSqlite:690 - Set database path to: C:\Users\ibrah\.stmcufinder\plugins\mcufinder//mcu/
2022-01-13 22:17:08,236 [INFO] MainPanel:204 - HeapMemory: 415236096
2022-01-13 22:17:08,332 [INFO] DbMcusXml:74 - Set database path to: C:\ST\STM32CubeIDE_1.6.0\STM32CubeIDE\plugins\com.st.stm32cube.common.mx_6.2.0.202102191602\\db\/mcu/
2022-01-13 22:17:08,332 [INFO] DbBoardsPdsc:56 - Set plugin database path to: C:\ST\STM32CubeIDE_1.6.0\STM32CubeIDE\plugins\com.st.stm32cube.common.mx_6.2.0.202102191602\\db\/plugins/boardmanager/
2022-01-13 22:17:08,332 [INFO] DbMcus:258 - Set plugin images path to: C:\ST\STM32CubeIDE_1.6.0\STM32CubeIDE\plugins\com.st.stm32cube.common.mx_6.2.0.202102191602\\db\/plugins/mcufinder/images/
2022-01-13 22:17:08,332 [INFO] DbBoards:264 - Set plugin images path to: C:\ST\STM32CubeIDE_1.6.0\STM32CubeIDE\plugins\com.st.stm32cube.common.mx_6.2.0.202102191602\\db\/plugins/mcufinder/images/
2022-01-13 22:17:08,333 [INFO] DbExamples:333 - Set plugin images path to: C:\ST\STM32CubeIDE_1.6.0\STM32CubeIDE\plugins\com.st.stm32cube.common.mx_6.2.0.202102191602\\db\/plugins/mcufinder/images/
2022-01-13 22:17:08,333 [WARN] DbFile:35 - Overriding database path with different value: C:\Users\ibrah\.stmcufinder\plugins\mcufinder/ => C:\Users\ibrah\.stmcufinder\plugins\mcufinder
2022-01-13 22:17:08,333 [INFO] DbMcusAds:85 - Set database path to: C:\Users\ibrah\.stmcufinder\plugins\mcufinder//mcu/
2022-01-13 22:17:08,333 [WARN] DbFile:35 - Overriding database path with different value: C:\Users\ibrah\.stmcufinder\plugins\mcufinder/ => C:\Users\ibrah\.stmcufinder\plugins\mcufinder
2022-01-13 22:17:08,333 [INFO] DbMcusDocs:110 - Set database path to: C:\Users\ibrah\.stmcufinder\plugins\mcufinder//mcu/
2022-01-13 22:17:08,333 [WARN] DbFile:35 - Overriding database path with different value: C:\Users\ibrah\.stmcufinder\plugins\mcufinder/ => C:\Users\ibrah\.stmcufinder\plugins\mcufinder
2022-01-13 22:17:08,333 [INFO] DbMcusJson:65 - Set database path to: C:\Users\ibrah\.stmcufinder\plugins\mcufinder//mcu/
2022-01-13 22:17:08,333 [WARN] DbFile:35 - Overriding database path with different value: C:\Users\ibrah\.stmcufinder\plugins\mcufinder/ => C:\Users\ibrah\.stmcufinder\plugins\mcufinder
2022-01-13 22:17:08,333 [INFO] DbBoardsDocs:110 - Set database path to: C:\Users\ibrah\.stmcufinder\plugins\mcufinder//mcu/
2022-01-13 22:17:08,334 [WARN] DbFile:35 - Overriding database path with different value: C:\Users\ibrah\.stmcufinder\plugins\mcufinder/ => C:\Users\ibrah\.stmcufinder\plugins\mcufinder
2022-01-13 22:17:08,334 [INFO] DbBoardsJson:58 - Set database path to: C:\Users\ibrah\.stmcufinder\plugins\mcufinder//mcu/
2022-01-13 22:17:08,334 [WARN] DbFile:35 - Overriding database path with different value: C:\Users\ibrah\.stmcufinder\plugins\mcufinder/ => C:\Users\ibrah\.stmcufinder\plugins\mcufinder
2022-01-13 22:17:08,334 [WARN] DbFile:35 - Overriding database path with different value: C:\Users\ibrah\.stmcufinder\plugins\mcufinder/ => C:\Users\ibrah\.stmcufinder\plugins\mcufinder
2022-01-13 22:17:08,334 [INFO] CrossReferenceDbSqlite:196 - Set database path to: C:\Users\ibrah\.stmcufinder\plugins\mcufinder//mcu/cs/
2022-01-13 22:17:08,334 [WARN] DbFile:35 - Overriding database path with different value: C:\Users\ibrah\.stmcufinder\plugins\mcufinder/ => C:\Users\ibrah\.stmcufinder\plugins\mcufinder
2022-01-13 22:17:08,334 [INFO] DbExamplesSqlite:690 - Set database path to: C:\Users\ibrah\.stmcufinder\plugins\mcufinder//mcu/
2022-01-13 22:17:08,356 [INFO] ApplicationProperties:181 - Using Application install path: C:\ST\STM32CubeIDE_1.6.0\STM32CubeIDE\plugins\com.st.stm32cube.common.mx_6.2.0.202102191602
2022-01-13 22:17:08,358 [INFO] PluginManage:178 - Search for loadable plugins [exclusion list=, ]
2022-01-13 22:17:08,359 [INFO] PluginManage:292 - Check plugin analytics
2022-01-13 22:17:08,587 [INFO] AnalyticsPlugin:233 - Accepted Software Licenses: 
2022-01-13 22:17:08,588 [INFO] AnalyticsPlugin:235 - Accepted CMSIS Pack Licenses: 
2022-01-13 22:17:08,588 [INFO] AnalyticsPlugin:237 - Accepted Firmware Licenses: 
2022-01-13 22:17:08,588 [INFO] PluginManage:342 - Loaded plugin analytics (category:tool,tabindex:-1)
2022-01-13 22:17:08,588 [INFO] PluginManage:292 - Check plugin clock
2022-01-13 22:17:08,616 [INFO] PluginManage:342 - Loaded plugin clock (category:base,tabindex:2)
2022-01-13 22:17:08,616 [INFO] PluginManage:292 - Check plugin ddr
2022-01-13 22:17:08,619 [INFO] PluginManage:342 - Loaded plugin ddr (category:tool,tabindex:6)
2022-01-13 22:17:08,620 [INFO] PluginManage:292 - Check plugin filemanager
2022-01-13 22:17:08,789 [INFO] PluginManage:342 - Loaded plugin filemanager (category:base,tabindex:10)
2022-01-13 22:17:08,789 [INFO] PluginManage:292 - Check plugin ipmanager
2022-01-13 22:17:08,800 [INFO] PluginManage:342 - Loaded plugin ipmanager (category:base,tabindex:5)
2022-01-13 22:17:08,800 [INFO] PluginManage:292 - Check plugin pinoutandconfiguration
2022-01-13 22:17:08,821 [INFO] PluginManage:342 - Loaded plugin pinoutandconfiguration (category:base,tabindex:1)
2022-01-13 22:17:08,821 [INFO] PluginManage:292 - Check plugin pinoutconfig
2022-01-13 22:17:08,870 [INFO] PluginManage:342 - Loaded plugin pinoutconfig (category:base,tabindex:0)
2022-01-13 22:17:08,870 [INFO] PluginManage:292 - Check plugin power
2022-01-13 22:17:08,893 [INFO] PluginManage:342 - Loaded plugin power (category:power,tabindex:4)
2022-01-13 22:17:08,894 [INFO] PluginManage:292 - Check plugin projectmanager
2022-01-13 22:17:08,922 [INFO] PluginManage:342 - Loaded plugin projectmanager (category:projectmanager,tabindex:3)
2022-01-13 22:17:08,923 [INFO] PluginManage:292 - Check plugin thirdparty
2022-01-13 22:17:09,163 [INFO] PluginManage:342 - Loaded plugin thirdparty (category:base,tabindex:-1)
2022-01-13 22:17:09,163 [INFO] PluginManage:292 - Check plugin tools
2022-01-13 22:17:09,163 [WARN] IntegrityCheckThread:59 - waiting for thirdparty lock release [integrity check]
2022-01-13 22:17:09,164 [INFO] IntegrityCheckThread:61 - entering critical section [integrity check]
2022-01-13 22:17:09,164 [INFO] ThirdPartyUpdaterWithRetryManager:56 - Updater plugin not ready yet. [1/15]
2022-01-13 22:17:09,209 [INFO] PluginManage:342 - Loaded plugin tools (category:base,tabindex:7)
2022-01-13 22:17:09,209 [INFO] PluginManage:292 - Check plugin tutovideos
2022-01-13 22:17:09,484 [INFO] PluginManage:342 - Loaded plugin tutovideos (category:base,tabindex:-1)
2022-01-13 22:17:09,484 [INFO] PluginManage:292 - Check plugin updater
2022-01-13 22:17:09,501 [INFO] PluginManage:342 - Loaded plugin updater (category:base,tabindex:12)
2022-01-13 22:17:09,501 [INFO] PluginManage:265 - PluginManage : Loaded plugins [13]
2022-01-13 22:17:09,697 [INFO] PinOutPanel:1435 - setPackage(No Configuration,No Configuration)
2022-01-13 22:17:09,805 [INFO] IPUIPlugin:64 - create IPUIPlugin
2022-01-13 22:17:09,805 [INFO] PluginManager:203 - loadIPPluginJar : add adc
2022-01-13 22:17:09,835 [INFO] IPUIPlugin:64 - create IPUIPlugin
2022-01-13 22:17:09,836 [INFO] PluginManager:203 - loadIPPluginJar : add aes
2022-01-13 22:17:09,872 [INFO] IPUIPlugin:64 - create IPUIPlugin
2022-01-13 22:17:09,873 [INFO] PluginManager:203 - loadIPPluginJar : add can
2022-01-13 22:17:09,896 [INFO] IPUIPlugin:64 - create IPUIPlugin
2022-01-13 22:17:09,897 [INFO] PluginManager:203 - loadIPPluginJar : add comp
2022-01-13 22:17:09,925 [INFO] IPUIPlugin:64 - create IPUIPlugin
2022-01-13 22:17:09,925 [INFO] PluginManager:203 - loadIPPluginJar : add cryp
2022-01-13 22:17:09,955 [INFO] IPUIPlugin:64 - create IPUIPlugin
2022-01-13 22:17:09,955 [INFO] PluginManager:203 - loadIPPluginJar : add dfsdm
2022-01-13 22:17:09,979 [INFO] IPUIPlugin:64 - create IPUIPlugin
2022-01-13 22:17:09,980 [INFO] PluginManager:203 - loadIPPluginJar : add dma
2022-01-13 22:17:10,004 [INFO] IPUIPlugin:64 - create IPUIPlugin
2022-01-13 22:17:10,005 [INFO] PluginManager:203 - loadIPPluginJar : add fatfs
2022-01-13 22:17:10,055 [INFO] IPUIPlugin:64 - create IPUIPlugin
2022-01-13 22:17:10,056 [INFO] PluginManager:203 - loadIPPluginJar : add fmc
2022-01-13 22:17:10,072 [INFO] IPUIPlugin:64 - create IPUIPlugin
2022-01-13 22:17:10,072 [INFO] PluginManager:203 - loadIPPluginJar : add freertos
2022-01-13 22:17:10,096 [INFO] IPUIPlugin:64 - create IPUIPlugin
2022-01-13 22:17:10,096 [INFO] PluginManager:203 - loadIPPluginJar : add genericplugin
2022-01-13 22:17:10,179 [INFO] IPUIPlugin:64 - create IPUIPlugin
2022-01-13 22:17:10,179 [INFO] PluginManager:203 - loadIPPluginJar : add gfxmmu
2022-01-13 22:17:10,309 [INFO] IPUIPlugin:64 - create IPUIPlugin
2022-01-13 22:17:10,309 [INFO] PluginManager:203 - loadIPPluginJar : add gic
2022-01-13 22:17:10,329 [INFO] IPUIPlugin:64 - create IPUIPlugin
2022-01-13 22:17:10,329 [INFO] PluginManager:203 - loadIPPluginJar : add gpio
2022-01-13 22:17:10,395 [INFO] IPUIPlugin:64 - create IPUIPlugin
2022-01-13 22:17:10,395 [INFO] PluginManager:203 - loadIPPluginJar : add gtzc
2022-01-13 22:17:10,423 [INFO] IPUIPlugin:64 - create IPUIPlugin
2022-01-13 22:17:10,424 [INFO] PluginManager:203 - loadIPPluginJar : add hash
2022-01-13 22:17:10,471 [INFO] IPUIPlugin:64 - create IPUIPlugin
2022-01-13 22:17:10,471 [INFO] PluginManager:203 - loadIPPluginJar : add i2c
2022-01-13 22:17:10,508 [INFO] IPUIPlugin:64 - create IPUIPlugin
2022-01-13 22:17:10,509 [INFO] PluginManager:203 - loadIPPluginJar : add i2s
2022-01-13 22:17:10,520 [INFO] IPUIPlugin:64 - create IPUIPlugin
2022-01-13 22:17:10,520 [INFO] PluginManager:203 - loadIPPluginJar : add ipddr
2022-01-13 22:17:10,554 [INFO] IPUIPlugin:64 - create IPUIPlugin
2022-01-13 22:17:10,555 [INFO] PluginManager:203 - loadIPPluginJar : add lorawan
2022-01-13 22:17:10,587 [INFO] IPUIPlugin:64 - create IPUIPlugin
2022-01-13 22:17:10,588 [INFO] PluginManager:203 - loadIPPluginJar : add ltdc
2022-01-13 22:17:10,601 [INFO] IPUIPlugin:64 - create IPUIPlugin
2022-01-13 22:17:10,602 [INFO] PluginManager:203 - loadIPPluginJar : add mdma
2022-01-13 22:17:10,614 [INFO] IPUIPlugin:64 - create IPUIPlugin
2022-01-13 22:17:10,614 [INFO] PluginManager:203 - loadIPPluginJar : add nvic
2022-01-13 22:17:10,648 [INFO] IPUIPlugin:64 - create IPUIPlugin
2022-01-13 22:17:10,648 [INFO] PluginManager:203 - loadIPPluginJar : add opamp
2022-01-13 22:17:10,702 [INFO] IPUIPlugin:64 - create IPUIPlugin
2022-01-13 22:17:10,702 [INFO] PluginManager:203 - loadIPPluginJar : add openamp
2022-01-13 22:17:10,741 [INFO] IPUIPlugin:64 - create IPUIPlugin
2022-01-13 22:17:10,741 [INFO] PluginManager:203 - loadIPPluginJar : add pdm2pcm
2022-01-13 22:17:10,756 [INFO] IPUIPlugin:64 - create IPUIPlugin
2022-01-13 22:17:10,760 [INFO] PluginManager:203 - loadIPPluginJar : add plateformsettings
2022-01-13 22:17:10,784 [INFO] IPUIPlugin:64 - create IPUIPlugin
2022-01-13 22:17:10,784 [INFO] PluginManager:203 - loadIPPluginJar : add quadspi
2022-01-13 22:17:10,796 [INFO] IPUIPlugin:64 - create IPUIPlugin
2022-01-13 22:17:10,796 [INFO] PluginManager:203 - loadIPPluginJar : add resmgrutility
2022-01-13 22:17:10,847 [INFO] IPUIPlugin:64 - create IPUIPlugin
2022-01-13 22:17:10,847 [INFO] PluginManager:203 - loadIPPluginJar : add sai
2022-01-13 22:17:10,882 [INFO] IPUIPlugin:64 - create IPUIPlugin
2022-01-13 22:17:10,883 [INFO] PluginManager:203 - loadIPPluginJar : add spi
2022-01-13 22:17:10,933 [INFO] IPUIPlugin:64 - create IPUIPlugin
2022-01-13 22:17:10,933 [INFO] PluginManager:203 - loadIPPluginJar : add stm32_wpan
2022-01-13 22:17:10,958 [INFO] IPUIPlugin:64 - create IPUIPlugin
2022-01-13 22:17:10,958 [INFO] PluginManager:203 - loadIPPluginJar : add tim
2022-01-13 22:17:11,017 [INFO] IPUIPlugin:64 - create IPUIPlugin
2022-01-13 22:17:11,017 [INFO] PluginManager:203 - loadIPPluginJar : add touchsensing
2022-01-13 22:17:11,044 [INFO] IPUIPlugin:64 - create IPUIPlugin
2022-01-13 22:17:11,044 [INFO] PluginManager:203 - loadIPPluginJar : add tracer_emb
2022-01-13 22:17:11,070 [INFO] IPUIPlugin:64 - create IPUIPlugin
2022-01-13 22:17:11,070 [INFO] PluginManager:203 - loadIPPluginJar : add ts
2022-01-13 22:17:11,093 [INFO] IPUIPlugin:64 - create IPUIPlugin
2022-01-13 22:17:11,093 [INFO] PluginManager:203 - loadIPPluginJar : add tsc
2022-01-13 22:17:11,116 [INFO] IPUIPlugin:64 - create IPUIPlugin
2022-01-13 22:17:11,117 [INFO] PluginManager:203 - loadIPPluginJar : add ucpd
2022-01-13 22:17:11,157 [INFO] IPUIPlugin:64 - create IPUIPlugin
2022-01-13 22:17:11,158 [INFO] PluginManager:203 - loadIPPluginJar : add usart
2022-01-13 22:17:11,540 [FATAL] Updater:284 - Updater called before beeing initialized
2022-01-13 22:17:11,678 [FATAL] Updater:284 - Updater called before beeing initialized
2022-01-13 22:17:11,688 [INFO] DbMcusAds:132 - JSON generation date=Thu Feb 11 17:55:24 TRT 2021 (1613055324029)
2022-01-13 22:17:11,688 [FATAL] Updater:284 - Updater called before beeing initialized
2022-01-13 22:17:11,761 [WARN] DetailPanel:315 - Failed to get advertising image, set to default
2022-01-13 22:17:12,003 [FATAL] Updater:284 - Updater called before beeing initialized
2022-01-13 22:17:12,007 [FATAL] Updater:284 - Updater called before beeing initialized
2022-01-13 22:17:12,007 [FATAL] Updater:284 - Updater called before beeing initialized
2022-01-13 22:17:12,007 [WARN] DetailPanel:315 - Failed to get advertising image, set to default
2022-01-13 22:17:12,008 [FATAL] Updater:284 - Updater called before beeing initialized
2022-01-13 22:17:12,069 [FATAL] Updater:284 - Updater called before beeing initialized
2022-01-13 22:17:12,070 [WARN] ThirdParty:796 - waiting for thirdparty lock release [close project]
2022-01-13 22:17:12,172 [INFO] ThirdPartyUpdaterWithRetryManager:56 - Updater plugin not ready yet. [2/15]
2022-01-13 22:17:15,184 [FATAL] Updater:284 - Updater called before beeing initialized
2022-01-13 22:17:15,184 [ERROR] AbstractThirdPartyUpdaterManager:153 - class java.lang.Integer cannot be cast to class java.util.List (java.lang.Integer and java.util.List are in module java.base of loader 'bootstrap')
2022-01-13 22:17:15,185 [INFO] ThirdParty:900 - Integrity check success = false
2022-01-13 22:17:15,186 [INFO] IntegrityCheckThread:75 - exiting critical section [integrity check]
2022-01-13 22:17:15,186 [INFO] IntegrityCheckThread:78 - End integrity checks thread
2022-01-13 22:17:15,186 [INFO] ThirdParty:798 - entering critical section [close project]
2022-01-13 22:17:15,189 [INFO] ThirdParty:809 - exiting critical section [close project]
2022-01-13 22:17:15,196 [INFO] PinOutPanel:1435 - setPackage(No Configuration,No Configuration)
2022-01-13 22:17:15,196 [FATAL] Updater:284 - Updater called before beeing initialized
2022-01-13 22:17:15,220 [INFO] Updater:1002 - Updater Version found : 6.2.0
2022-01-13 22:17:15,244 [INFO] ApplicationProperties:181 - Using Application install path: C:\ST\STM32CubeIDE_1.6.0\STM32CubeIDE\plugins\com.st.stm32cube.common.mx_6.2.0.202102191602
2022-01-13 22:17:15,480 [INFO] MainUpdater:2661 - connection check result : 10
2022-01-13 22:17:15,481 [INFO] MainUpdater:3349 - Updater definition file requires update
2022-01-13 22:17:15,484 [INFO] MainUpdater:255 - Updater Check For Update Now.
2022-01-13 22:17:15,484 [INFO] MicroXplorer:472 - Change Database Version : DB.6.0.20
2022-01-13 22:17:15,868 [INFO] ServerAccessManage:348 - Download File updaters.zip
2022-01-13 22:17:15,984 [INFO] FileExtend:225 - Unzip File : updaters.zip
2022-01-13 22:17:15,984 [INFO] FileExtend:240 - Standard Zip Deflate
2022-01-13 22:17:16,795 [INFO] ServerAccessManage:348 - Download File PacksControlFlags.xml
2022-01-13 22:17:16,987 [INFO] ServerAccessManage:348 - Download File cubemx.pidx
2022-01-13 22:17:17,256 [INFO] ServerAccessManage:348 - Download File STMicroelectronics.X-CUBE-AI.pdsc
2022-01-13 22:17:17,678 [INFO] ServerAccessManage:348 - Download File STMicroelectronics.X-CUBE-ALS.pdsc
2022-01-13 22:17:18,088 [INFO] ServerAccessManage:348 - Download File STMicroelectronics.X-CUBE-BLE1.pdsc
2022-01-13 22:17:19,205 [ERROR] ServerAccessManage:947 - Problem, file not found on Server
2022-01-13 22:17:19,362 [INFO] ServerAccessManage:348 - Download File STMicroelectronics.X-CUBE-BLE2.pdsc
2022-01-13 22:17:20,199 [INFO] ServerAccessManage:348 - Download File STMicroelectronics.X-CUBE-DISPLAY.pdsc
2022-01-13 22:17:20,447 [INFO] ServerAccessManage:348 - Download File STMicroelectronics.X-CUBE-EEPRMA1.pdsc
2022-01-13 22:17:20,910 [INFO] ServerAccessManage:348 - Download File STMicroelectronics.X-CUBE-MEMS1.pdsc
2022-01-13 22:17:22,508 [INFO] ServerAccessManage:348 - Download File STMicroelectronics.X-CUBE-NFC4.pdsc
2022-01-13 22:17:23,546 [INFO] ServerAccessManage:348 - Download File STMicroelectronics.X-CUBE-SFXS2LP1.pdsc
2022-01-13 22:17:24,055 [INFO] ServerAccessManage:348 - Download File STMicroelectronics.X-CUBE-SUBG2.pdsc
2022-01-13 22:17:24,998 [INFO] ServerAccessManage:348 - Download File STMicroelectronics.X-CUBE-TOF1.pdsc
2022-01-13 22:17:25,301 [ERROR] ServerAccessManage:947 - Problem, file not found on Server
2022-01-13 22:17:25,498 [INFO] ServerAccessManage:348 - Download File STMicroelectronics.X-CUBE-TOUCHGFX.pdsc
2022-01-13 22:17:26,294 [INFO] ServerAccessManage:348 - Download File STMicroelectronics.X-CUBE-ALGOBUILD.pdsc
2022-01-13 22:17:26,500 [INFO] MainUpdater:2661 - connection check result : 10
2022-01-13 22:17:26,565 [INFO] ServerAccessManage:348 - Download File STMicroelectronics.X-CUBE-AZRTOS-H7.pdsc
2022-01-13 22:17:27,072 [INFO] ServerAccessManage:348 - Download File STMicroelectronics.X-CUBE-AZRTOS-F4.pdsc
2022-01-13 22:17:27,451 [INFO] ServerAccessManage:348 - Download File STMicroelectronics.X-CUBE-AZRTOS-F7.pdsc
2022-01-13 22:17:27,778 [INFO] ServerAccessManage:348 - Download File STMicroelectronics.X-CUBE-AZRTOS-L4.pdsc
2022-01-13 22:17:28,096 [INFO] ServerAccessManage:348 - Download File STMicroelectronics.X-CUBE-AZRTOS-L5.pdsc
2022-01-13 22:17:28,309 [INFO] ServerAccessManage:348 - Download File STMicroelectronics.X-CUBE-AZRTOS-G0.pdsc
2022-01-13 22:17:28,567 [INFO] ServerAccessManage:348 - Download File STMicroelectronics.X-CUBE-AZRTOS-G4.pdsc
2022-01-13 22:17:29,091 [INFO] ServerAccessManage:348 - Download File SEGGER.I-CUBE-embOS.pdsc
2022-01-13 22:17:29,652 [WARN] PackLoader:226 - Cannot read IP mode file for STMicroelectronics.X-CUBE-AI.7.1.0
2022-01-13 22:17:29,653 [INFO] CheckServerUpdateThread:102 - End of CheckServer Thread
2022-01-13 22:17:29,662 [WARN] PackLoader:226 - Cannot read IP mode file for STMicroelectronics.X-CUBE-ALS.1.0.1
2022-01-13 22:17:29,670 [WARN] PackLoader:226 - Cannot read IP mode file for STMicroelectronics.X-CUBE-BLE1.6.2.2
2022-01-13 22:17:29,677 [WARN] PackLoader:226 - Cannot read IP mode file for STMicroelectronics.X-CUBE-BLE2.3.2.2
2022-01-13 22:17:29,687 [WARN] PackLoader:226 - Cannot read IP mode file for STMicroelectronics.X-CUBE-DISPLAY.2.0.1
2022-01-13 22:17:29,696 [WARN] PackLoader:226 - Cannot read IP mode file for STMicroelectronics.X-CUBE-EEPRMA1.3.1.0
2022-01-13 22:17:29,779 [WARN] PackLoader:226 - Cannot read IP mode file for STMicroelectronics.X-CUBE-MEMS1.9.1.0
2022-01-13 22:17:29,978 [WARN] PackLoader:226 - Cannot read IP mode file for STMicroelectronics.X-CUBE-NFC4.2.0.3
2022-01-13 22:17:29,987 [WARN] PackLoader:226 - Cannot read IP mode file for STMicroelectronics.X-CUBE-SFXS2LP1.3.1.0
2022-01-13 22:17:30,005 [WARN] PackLoader:226 - Cannot read IP mode file for STMicroelectronics.X-CUBE-SUBG2.4.2.0
2022-01-13 22:17:30,018 [WARN] PackLoader:226 - Cannot read IP mode file for STMicroelectronics.X-CUBE-TOF1.2.0.0
2022-01-13 22:17:30,026 [WARN] PackLoader:226 - Cannot read IP mode file for STMicroelectronics.X-CUBE-TOUCHGFX.4.18.1
2022-01-13 22:17:30,032 [WARN] PackLoader:226 - Cannot read IP mode file for STMicroelectronics.X-CUBE-ALGOBUILD.1.2.1
2022-01-13 22:17:30,064 [WARN] PackLoader:226 - Cannot read IP mode file for STMicroelectronics.X-CUBE-AZRTOS-H7.2.0.0
2022-01-13 22:17:30,095 [WARN] PackLoader:226 - Cannot read IP mode file for STMicroelectronics.X-CUBE-AZRTOS-F4.1.0.0
2022-01-13 22:17:30,102 [INFO] CrossSelectorPresenter:1330 - Cross Selector saved comparison directory: C:\Users\ibrah\.stmcufinder\plugins\mcufinder\mcu\cs_comparisons_mx
2022-01-13 22:17:30,108 [INFO] MultiScanPanel:200 - Auto-refresh data requested => check proxy status ongoing
2022-01-13 22:17:30,113 [INFO] FinderPluginLoader:87 - Searching for filters in installed packs
2022-01-13 22:17:30,115 [INFO] DbMcusXml:100 - Load MCU database from C:\ST\STM32CubeIDE_1.6.0\STM32CubeIDE\plugins\com.st.stm32cube.common.mx_6.2.0.202102191602\\db\/mcu/families.xml
2022-01-13 22:17:30,130 [WARN] PackLoader:226 - Cannot read IP mode file for STMicroelectronics.X-CUBE-AZRTOS-F7.1.0.0
2022-01-13 22:17:30,164 [WARN] PackLoader:226 - Cannot read IP mode file for STMicroelectronics.X-CUBE-AZRTOS-L4.1.0.0
2022-01-13 22:17:30,189 [WARN] PackLoader:226 - Cannot read IP mode file for STMicroelectronics.X-CUBE-AZRTOS-L5.1.0.0
2022-01-13 22:17:30,209 [WARN] PackLoader:226 - Cannot read IP mode file for STMicroelectronics.X-CUBE-AZRTOS-G0.1.0.0
2022-01-13 22:17:30,225 [WARN] PackLoader:226 - Cannot read IP mode file for STMicroelectronics.X-CUBE-AZRTOS-G4.1.0.0
2022-01-13 22:17:30,261 [WARN] PackLoader:226 - Cannot read IP mode file for SEGGER.I-CUBE-embOS.1.2.0
2022-01-13 22:17:30,295 [INFO] PopulateThirdPartyThread:50 - Ending populate Thread
2022-01-13 22:17:30,297 [INFO] ThirdParty:952 - CMSIS Pack Vendor :STMicroelectronics X-CUBE-AI 7.1.0
2022-01-13 22:17:30,297 [INFO] ThirdParty:952 - CMSIS Pack Vendor :STMicroelectronics X-CUBE-SFXS2LP1 3.1.0
2022-01-13 22:17:30,297 [INFO] ThirdParty:952 - CMSIS Pack Vendor :STMicroelectronics X-CUBE-ALGOBUILD 1.2.1
2022-01-13 22:17:30,297 [INFO] ThirdParty:952 - CMSIS Pack Vendor :STMicroelectronics X-CUBE-AZRTOS-F4 1.0.0
2022-01-13 22:17:30,297 [INFO] ThirdParty:952 - CMSIS Pack Vendor :STMicroelectronics X-CUBE-AZRTOS-H7 2.0.0
2022-01-13 22:17:30,297 [INFO] ThirdParty:952 - CMSIS Pack Vendor :STMicroelectronics X-CUBE-AZRTOS-L5 1.0.0
2022-01-13 22:17:30,298 [INFO] ThirdParty:952 - CMSIS Pack Vendor :STMicroelectronics X-CUBE-AZRTOS-G4 1.0.0
2022-01-13 22:17:30,298 [INFO] ThirdParty:952 - CMSIS Pack Vendor :STMicroelectronics X-CUBE-AZRTOS-L4 1.0.0
2022-01-13 22:17:30,298 [INFO] ThirdParty:952 - CMSIS Pack Vendor :STMicroelectronics X-CUBE-EEPRMA1 3.1.0
2022-01-13 22:17:30,298 [INFO] ThirdParty:952 - CMSIS Pack Vendor :SEGGER I-CUBE-embOS 1.2.0
2022-01-13 22:17:30,298 [INFO] ThirdParty:952 - CMSIS Pack Vendor :STMicroelectronics X-CUBE-TOF1 2.0.0
2022-01-13 22:17:30,298 [INFO] ThirdParty:952 - CMSIS Pack Vendor :STMicroelectronics X-CUBE-AZRTOS-G0 1.0.0
2022-01-13 22:17:30,298 [INFO] ThirdParty:952 - CMSIS Pack Vendor :STMicroelectronics X-CUBE-BLE1 6.2.2
2022-01-13 22:17:30,298 [INFO] ThirdParty:952 - CMSIS Pack Vendor :STMicroelectronics X-CUBE-AZRTOS-F7 1.0.0
2022-01-13 22:17:30,298 [INFO] ThirdParty:952 - CMSIS Pack Vendor :STMicroelectronics X-CUBE-BLE2 3.2.2
2022-01-13 22:17:30,298 [INFO] ThirdParty:952 - CMSIS Pack Vendor :STMicroelectronics X-CUBE-DISPLAY 2.0.1
2022-01-13 22:17:30,298 [INFO] ThirdParty:952 - CMSIS Pack Vendor :STMicroelectronics X-CUBE-NFC4 2.0.3
2022-01-13 22:17:30,298 [INFO] ThirdParty:952 - CMSIS Pack Vendor :STMicroelectronics X-CUBE-MEMS1 9.1.0
2022-01-13 22:17:30,298 [INFO] ThirdParty:952 - CMSIS Pack Vendor :STMicroelectronics X-CUBE-SUBG2 4.2.0
2022-01-13 22:17:30,299 [INFO] ThirdParty:952 - CMSIS Pack Vendor :STMicroelectronics X-CUBE-ALS 1.0.1
2022-01-13 22:17:30,299 [INFO] ThirdParty:952 - CMSIS Pack Vendor :STMicroelectronics X-CUBE-TOUCHGFX 4.18.1
2022-01-13 22:17:30,300 [INFO] LoadServerUpdatesThread:329 - End of LoadServerUpdate Thread
2022-01-13 22:17:30,860 [INFO] DbMcusJson:94 - JSON generation date=Mon Feb 08 16:35:07 TRT 2021 (1612791307)
2022-01-13 22:17:31,506 [INFO] DbMcus:175 - Found 1906 MCUs (1866 are supported by CubeMX, 1866 are visible in CubeMX)
2022-01-13 22:17:31,506 [INFO] ApiDb:251 - Load user favorites file C:\Users\ibrah/.stm32cubeide/favorites.mcus.txt: 0 item(s)
2022-01-13 22:17:31,506 [INFO] ApiDb:255 - User favorites MCUs=[]
2022-01-13 22:17:31,507 [INFO] DbMcus:187 - Set 0 / 0 favorites MCUs
2022-01-13 22:17:32,044 [WARN] DetailPanel:315 - Failed to get advertising image, set to default
2022-01-13 22:17:32,636 [INFO] DbBoardsPdsc:90 - Found 24 items
2022-01-13 22:17:32,644 [INFO] DbBoardsPdsc:90 - Found 9 items
2022-01-13 22:17:32,657 [INFO] DbBoardsPdsc:90 - Found 33 items
2022-01-13 22:17:32,665 [INFO] DbBoardsPdsc:90 - Found 1 items
2022-01-13 22:17:32,679 [INFO] DbBoardsPdsc:90 - Found 46 items
2022-01-13 22:17:32,694 [INFO] DbBoardsPdsc:90 - Found 41 items
2022-01-13 22:17:32,703 [INFO] DbBoardsPdsc:90 - Found 2 items
2022-01-13 22:17:32,710 [INFO] DbBoardsPdsc:90 - Found 5 items
2022-01-13 22:17:32,712 [WARN] DbBoardsPdsc:254 - Board NUCLEO-WB15CC: unknown feature type=, name=, username=Three user LEDs, n=1
2022-01-13 22:17:32,712 [WARN] DbBoardsPdsc:254 - Board NUCLEO-WB15CC: unknown feature type=, name=, username=One reset and three user push-buttons, n=1
2022-01-13 22:17:32,712 [WARN] DbBoardsPdsc:254 - Board NUCLEO-WB15CC: unknown feature type=, name=, username=Arduino Uno V3 expansion connector, n=1
2022-01-13 22:17:32,713 [WARN] DbBoardsPdsc:254 - Board NUCLEO-WB15CC: unknown feature type=, name=, username=ST morpho extension pin headers for full access to all STM32WB I/Os, n=1
2022-01-13 22:17:32,713 [WARN] DbBoardsPdsc:254 - Board NUCLEO-WB15CC: unknown feature type=, name=, username=Integrated PCB antenna and SMA connector footprint, n=1
2022-01-13 22:17:32,713 [WARN] DbBoardsPdsc:254 - Board NUCLEO-WB15CC: unknown feature type=, name=, username=Flexible power-supply options: ST-LINK, USB VBUS, or external sources, n=1
2022-01-13 22:17:32,713 [WARN] DbBoardsPdsc:254 - Board NUCLEO-WB15CC: unknown feature type=, name=, username=On-board footprint to mount a CR2032 battery socket, n=1
2022-01-13 22:17:32,713 [WARN] DbBoardsPdsc:254 - Board NUCLEO-WB15CC: unknown feature type=, name=, username=On-board ST-LINK/V2-1 debugger/programmer with USB re-enumeration capability: mass storage, Virtual COM port, and debug port, n=1
2022-01-13 22:17:32,713 [WARN] DbBoardsPdsc:254 - Board NUCLEO-WB15CC: unknown feature type=, name=, username=Comprehensive free software libraries and examples available with the STM32CubeWB MCU Package, n=1
2022-01-13 22:17:32,713 [WARN] DbBoardsPdsc:254 - Board NUCLEO-WB15CC: unknown feature type=, name=, username=Support of a wide choice of Integrated Development Environments (IDEs) including IAR Embedded Workbench, MDK-ARM, STM32CubeIDE, and Mbed Studio, n=1
2022-01-13 22:17:32,715 [WARN] DbBoardsPdsc:254 - Board STM32H7B3I-DK: unknown feature type=Audio, name=, username=Audio stereo codec with Headphone Amp (CS42L51-CNZ), n=1
2022-01-13 22:17:32,715 [WARN] DbBoardsPdsc:254 - Board STM32H735G-DK: unknown feature type=Audio, name=, username=Audio stereo codec with Headphone Amp (WM8994ECS/R), n=1
2022-01-13 22:17:32,716 [WARN] DbBoardsPdsc:254 - Board STM32WB5MM-DK: unknown feature type=, name=, username=Time-of-Flight and gesture-detection sensor, n=1
2022-01-13 22:17:32,716 [WARN] DbBoardsPdsc:254 - Board STM32WB5MM-DK: unknown feature type=, name=, username=3 push-buttons (2 users and 1 reset) and 1 touch key button, n=1
2022-01-13 22:17:32,716 [WARN] DbBoardsPdsc:254 - Board STM32WB5MM-DK: unknown feature type=, name=, username=Flexible power-supply options: ST-LINK/V2-1 USB connector, 5 V delivered by ARDUINO® or external connector, USB charger, or USB power, n=1
2022-01-13 22:17:32,716 [WARN] DbBoardsPdsc:254 - Board STM32WB5MM-DK: unknown feature type=, name=, username=On-board ST-LINK/V2-1 debugger/programmer with USB re-enumeration capability: Virtual COM port and debug port, n=1
2022-01-13 22:17:32,716 [WARN] DbBoardsPdsc:254 - Board STM32WB5MM-DK: unknown feature type=, name=, username=Comprehensive free software libraries and examples available with the STM32CubeWB MCU Package, n=1
2022-01-13 22:17:32,716 [WARN] DbBoardsPdsc:254 - Board STM32WB5MM-DK: unknown feature type=, name=, username=Support of a wide choice of Integrated Development Environments (IDEs) including IAR Embedded Workbench®, MDK-ARM, and STM32CubeIDE, n=1
2022-01-13 22:17:32,717 [WARN] DbBoardsPdsc:254 - Board STM32H7B3I-EVAL: unknown feature type=Audio, name=, username=Multi-Channel Audio Codec (CS42L51-CNZ), n=1
2022-01-13 22:17:32,717 [WARN] DbBoardsPdsc:254 - Board STM32H7B3I-EVAL: unknown feature type=Meter, name=, username=Power-metering and Temperature-monitoring with sigma-delta modulators, n=1
2022-01-13 22:17:32,717 [WARN] DbBoardsPdsc:254 - Board STM32H7B3I-EVAL: unknown feature type=Motor, name=, username=Motor Control, n=1
2022-01-13 22:17:32,741 [INFO] DbBoardsJson:87 - JSON generation date=Thu Feb 04 19:53:45 TRT 2021 (1612457625)
2022-01-13 22:17:32,746 [INFO] DbBoards:117 - Found 161 boards (158 are supported by CubeMX)
2022-01-13 22:17:32,764 [INFO] DbBoardsDocs:143 - JSON generation date=Mon Feb 08 16:35:07 TRT 2021 (1612791307)
2022-01-13 22:17:32,786 [INFO] DbBoardsDocs:79 - Found 193 boards documents
2022-01-13 22:17:32,787 [WARN] DbBoards:127 - board B-L462E-CELL1 has no document id list !
2022-01-13 22:17:32,787 [WARN] DbBoards:127 - board B-L475E-IOT01A2 has no document id list !
2022-01-13 22:17:32,788 [WARN] DbBoards:127 - board NUCLEO-G0B1RE has no document id list !
2022-01-13 22:17:32,788 [WARN] DbBoards:127 - board NUCLEO-H743ZI2 has no document id list !
2022-01-13 22:17:32,788 [WARN] DbBoards:127 - board NUCLEO-L4A6ZG has no document id list !
2022-01-13 22:17:32,788 [WARN] DbBoards:127 - board NUCLEO-WB15CC has no document id list !
2022-01-13 22:17:32,788 [WARN] DbBoards:127 - board NUCLEO-WB55RG has no document id list !
2022-01-13 22:17:32,789 [WARN] DbBoards:127 - board NUCLEO-WL55JC2 has no document id list !
2022-01-13 22:17:32,789 [WARN] DbBoards:127 - board P-NUCLEO-WB55-Nucleo has no document id list !
2022-01-13 22:17:32,789 [WARN] DbBoards:127 - board P-NUCLEO-WB55-USBDongle has no document id list !
2022-01-13 22:17:32,789 [WARN] DbBoards:127 - board STEVAL-BFA001V1B has no document id list !
2022-01-13 22:17:32,789 [WARN] DbBoards:127 - board STEVAL-BFA001V2B has no document id list !
2022-01-13 22:17:32,789 [WARN] DbBoards:127 - board STEVAL-IDP005V1 has no document id list !
2022-01-13 22:17:32,789 [WARN] DbBoards:127 - board STEVAL-IDP005V2 has no document id list !
2022-01-13 22:17:32,789 [WARN] DbBoards:127 - board STEVAL-MKSBOX1V1 has no document id list !
2022-01-13 22:17:32,789 [WARN] DbBoards:127 - board STEVAL-STWINKT1 has no document id list !
2022-01-13 22:17:32,789 [WARN] DbBoards:127 - board STEVAL-STWINKT1B has no document id list !
2022-01-13 22:17:32,790 [WARN] DbBoards:127 - board STM32F401C-DISCO has no document id list !
2022-01-13 22:17:32,790 [WARN] DbBoards:127 - board STM32F769I-DISC1 has no document id list !
2022-01-13 22:17:32,790 [WARN] DbBoards:127 - board STM32G0C1E-EV has no document id list !
2022-01-13 22:17:32,790 [WARN] DbBoards:127 - board STM32G474E-EVAL1 has no document id list !
2022-01-13 22:17:32,791 [WARN] DbBoards:127 - board STM32H743I-EVAL2 has no document id list !
2022-01-13 22:17:32,791 [WARN] DbBoards:127 - board STM32H747I-DISC1 has no document id list !
2022-01-13 22:17:32,791 [WARN] DbBoards:127 - board STM32H753I-EVAL2 has no document id list !
2022-01-13 22:17:32,791 [WARN] DbBoards:127 - board STM32L-DISCOVERY has no document id list !
2022-01-13 22:17:32,792 [WARN] DbBoards:127 - board STM32MP157A-DK1 has no document id list !
2022-01-13 22:17:32,792 [WARN] DbBoards:127 - board STM32MP157F-DK2 has no document id list !
2022-01-13 22:17:32,792 [WARN] DbBoards:127 - board STM32MP157F-EV1 has no document id list !
2022-01-13 22:17:32,792 [WARN] DbBoards:127 - board STM32WB5MM-DK has no document id list !
2022-01-13 22:17:35,124 [INFO] ApiDb:251 - Load user favorites file C:\Users\ibrah/.stm32cubeide/favorites.boards.txt: 0 item(s)
2022-01-13 22:17:35,124 [INFO] ApiDb:255 - User favorites Boards=[]
2022-01-13 22:17:35,125 [INFO] DbBoards:206 - Set 0 / 0 favorites Boards
2022-01-13 22:17:46,646 [INFO] DbMcusDocs:143 - JSON generation date=Mon Feb 08 16:35:07 TRT 2021 (1612791307)
2022-01-13 22:17:46,916 [INFO] DbMcusDocs:79 - Found 617 MCUs documents
2022-01-13 22:17:59,333 [INFO] MultiScanPanel:200 - Auto-refresh data requested => check proxy status ongoing
2022-01-13 22:17:59,385 [WARN] DetailPanel:315 - Failed to get advertising image, set to default
2022-01-13 22:20:23,994 [INFO] ApiDb:276 - Save user favorites file C:\Users\ibrah/.stm32cubeide/favorites.mcus.txt: 0 item(s)
2022-01-13 22:20:23,994 [INFO] ApiDb:280 - User favorites MCUs=[]
2022-01-13 22:20:23,997 [INFO] ApiDb:276 - Save user favorites file C:\Users\ibrah/.stm32cubeide/favorites.boards.txt: 0 item(s)
2022-01-13 22:20:23,997 [INFO] ApiDb:280 - User favorites Boards=[]
